<?xml version="1.0" encoding="UTF-8"?>
<!-- Generated by org.testng.reporters.JUnitXMLReporter -->
<testsuite hostname="TMPL-FA-2005" ignored="0" name="Test" tests="2" failures="1" timestamp="2022-01-26T09:04:40 IST" time="4.125" errors="0">
  <testcase name="getEmployeeDetails" time="2.868" classname="com.employee.testcases.GetEmployeeAllDetails">
    <failure type="junit.framework.AssertionFailedError" message="expected:&amp;lt;429&amp;gt; but was:&amp;lt;200&amp;gt;">
      <![CDATA[junit.framework.AssertionFailedError: expected:<429> but was:<200>
at junit.framework.Assert.fail(Assert.java:50)
at junit.framework.Assert.failNotEquals(Assert.java:287)
at junit.framework.Assert.assertEquals(Assert.java:67)
at junit.framework.Assert.assertEquals(Assert.java:199)
at junit.framework.Assert.assertEquals(Assert.java:205)
at com.employee.testcases.GetEmployeeAllDetails.getEmployeeDetails(GetEmployeeAllDetails.java:42)
at java.util.ArrayList.forEach(ArrayList.java:1257)
... Removed 27 stack frames]]>
    </failure>
  </testcase> <!-- getEmployeeDetails -->
  <testcase name="singleEmployeeData" time="1.029" classname="com.employee.testcases.GetEmployeeAllDetails"/>
</testsuite> <!-- Test -->
