<?xml version="1.0" encoding="UTF-8"?>
<testng-results skipped="0" failed="1" ignored="0" total="2" passed="1">
  <reporter-output>
  </reporter-output>
  <suite name="Suite" duration-ms="4125" started-at="2022-01-26T09:04:36 IST" finished-at="2022-01-26T09:04:40 IST">
    <groups>
    </groups>
    <test name="Test" duration-ms="4125" started-at="2022-01-26T09:04:36 IST" finished-at="2022-01-26T09:04:40 IST">
      <class name="com.employee.testcases.GetEmployeeAllDetails">
        <test-method status="PASS" signature="setup()[pri:0, instance:com.employee.testcases.GetEmployeeAllDetails@5f058f00]" name="setup" is-config="true" duration-ms="56" started-at="2022-01-26T09:04:36 IST" finished-at="2022-01-26T09:04:36 IST">
          <reporter-output>
          </reporter-output>
        </test-method> <!-- setup -->
        <test-method status="FAIL" signature="getEmployeeDetails()[pri:0, instance:com.employee.testcases.GetEmployeeAllDetails@5f058f00]" name="getEmployeeDetails" duration-ms="2868" started-at="2022-01-26T09:04:36 IST" finished-at="2022-01-26T09:04:39 IST">
          <exception class="junit.framework.AssertionFailedError">
            <message>
              <![CDATA[expected:<429> but was:<200>]]>
            </message>
            <full-stacktrace>
              <![CDATA[junit.framework.AssertionFailedError: expected:<429> but was:<200>
at junit.framework.Assert.fail(Assert.java:50)
at junit.framework.Assert.failNotEquals(Assert.java:287)
at junit.framework.Assert.assertEquals(Assert.java:67)
at junit.framework.Assert.assertEquals(Assert.java:199)
at junit.framework.Assert.assertEquals(Assert.java:205)
at com.employee.testcases.GetEmployeeAllDetails.getEmployeeDetails(GetEmployeeAllDetails.java:42)
at sun.reflect.NativeMethodAccessorImpl.invoke0(Native Method)
at sun.reflect.NativeMethodAccessorImpl.invoke(NativeMethodAccessorImpl.java:62)
at sun.reflect.DelegatingMethodAccessorImpl.invoke(DelegatingMethodAccessorImpl.java:43)
at java.lang.reflect.Method.invoke(Method.java:498)
at org.testng.internal.invokers.MethodInvocationHelper.invokeMethod(MethodInvocationHelper.java:135)
at org.testng.internal.invokers.TestInvoker.invokeMethod(TestInvoker.java:673)
at org.testng.internal.invokers.TestInvoker.invokeTestMethod(TestInvoker.java:220)
at org.testng.internal.invokers.MethodRunner.runInSequence(MethodRunner.java:50)
at org.testng.internal.invokers.TestInvoker$MethodInvocationAgent.invoke(TestInvoker.java:945)
at org.testng.internal.invokers.TestInvoker.invokeTestMethods(TestInvoker.java:193)
at org.testng.internal.invokers.TestMethodWorker.invokeTestMethods(TestMethodWorker.java:146)
at org.testng.internal.invokers.TestMethodWorker.run(TestMethodWorker.java:128)
at java.util.ArrayList.forEach(ArrayList.java:1257)
at org.testng.TestRunner.privateRun(TestRunner.java:808)
at org.testng.TestRunner.run(TestRunner.java:603)
at org.testng.SuiteRunner.runTest(SuiteRunner.java:429)
at org.testng.SuiteRunner.runSequentially(SuiteRunner.java:423)
at org.testng.SuiteRunner.privateRun(SuiteRunner.java:383)
at org.testng.SuiteRunner.run(SuiteRunner.java:326)
at org.testng.SuiteRunnerWorker.runSuite(SuiteRunnerWorker.java:52)
at org.testng.SuiteRunnerWorker.run(SuiteRunnerWorker.java:95)
at org.testng.TestNG.runSuitesSequentially(TestNG.java:1249)
at org.testng.TestNG.runSuitesLocally(TestNG.java:1169)
at org.testng.TestNG.runSuites(TestNG.java:1092)
at org.testng.TestNG.run(TestNG.java:1060)
at org.testng.remote.AbstractRemoteTestNG.run(AbstractRemoteTestNG.java:115)
at org.testng.remote.RemoteTestNG.initAndRun(RemoteTestNG.java:251)
at org.testng.remote.RemoteTestNG.main(RemoteTestNG.java:77)
]]>
            </full-stacktrace>
          </exception> <!-- junit.framework.AssertionFailedError -->
          <reporter-output>
          </reporter-output>
        </test-method> <!-- getEmployeeDetails -->
        <test-method status="PASS" signature="singleEmployeeData()[pri:0, instance:com.employee.testcases.GetEmployeeAllDetails@5f058f00]" name="singleEmployeeData" duration-ms="1029" started-at="2022-01-26T09:04:39 IST" finished-at="2022-01-26T09:04:40 IST">
          <reporter-output>
          </reporter-output>
        </test-method> <!-- singleEmployeeData -->
      </class> <!-- com.employee.testcases.GetEmployeeAllDetails -->
    </test> <!-- Test -->
  </suite> <!-- Suite -->
</testng-results>
